======== Running on http://0.0.0.0:8080 ========
(Press CTRL+C to quit)
Video Track is established
Received a frame: 1 at 1722501121.266026
Received a frame: 2 at 1722501121.320444
Received a frame: 3 at 1722501121.364478
Received a frame: 4 at 1722501121.418530
Received a frame: 5 at 1722501121.469654
Received a frame: 6 at 1722501121.515801
Received a frame: 7 at 1722501121.566421
Received a frame: 8 at 1722501121.629814
Received a frame: 9 at 1722501121.678444
Received a frame: 10 at 1722501121.743883
Received a frame: 11 at 1722501121.807042
Received a frame: 12 at 1722501121.870757
Received a frame: 13 at 1722501121.933141
Received a frame: 14 at 1722501121.979874
Received a frame: 15 at 1722501122.053668
Received a frame: 16 at 1722501122.087148
Received a frame: 17 at 1722501122.097852
Received a frame: 18 at 1722501122.111342
Received a frame: 19 at 1722501122.144199
Received a frame: 20 at 1722501122.217886
Received a frame: 21 at 1722501122.280437
Received a frame: 22 at 1722501122.331857
Received a frame: 23 at 1722501122.388570
Received a frame: 24 at 1722501122.449752
Received a frame: 25 at 1722501122.503570
Received a frame: 26 at 1722501122.557786
Received a frame: 27 at 1722501122.626315
Received a frame: 28 at 1722501122.677499
Received a frame: 29 at 1722501122.717455
Received a frame: 30 at 1722501122.779544
Received a frame: 31 at 1722501122.833807
Received a frame: 32 at 1722501122.888049
Received a frame: 33 at 1722501122.946523
Received a frame: 34 at 1722501123.011931
Received a frame: 35 at 1722501123.060661
Received a frame: 36 at 1722501123.116899
Received a frame: 37 at 1722501123.172322
Received a frame: 38 at 1722501123.230896
Received a frame: 39 at 1722501123.291173
Received a frame: 40 at 1722501123.354252
Received a frame: 41 at 1722501123.439001
Received a frame: 42 at 1722501123.474025
Received a frame: 43 at 1722501123.538354
Received a frame: 44 at 1722501123.567752
Received a frame: 45 at 1722501123.657617
Received a frame: 46 at 1722501123.727063
Received a frame: 47 at 1722501123.743192
Received a frame: 48 at 1722501123.808313
Received a frame: 49 at 1722501123.869752
Received a frame: 50 at 1722501123.913269
Received a frame: 51 at 1722501123.969651
Received a frame: 52 at 1722501124.042932
Received a frame: 53 at 1722501124.081084
Received a frame: 54 at 1722501124.136833
Received a frame: 55 at 1722501124.192382
Received a frame: 56 at 1722501124.245123
Received a frame: 57 at 1722501124.294266
Received a frame: 58 at 1722501124.341826
Received a frame: 59 at 1722501124.403220
Received a frame: 60 at 1722501124.435709
Received a frame: 61 at 1722501124.464626
Received a frame: 62 at 1722501124.514144
Received a frame: 63 at 1722501124.567711
Received a frame: 64 at 1722501124.618097
Received a frame: 65 at 1722501124.668260
Received a frame: 66 at 1722501124.721512
Received a frame: 67 at 1722501124.777097
Received a frame: 68 at 1722501124.826356
Received a frame: 69 at 1722501124.878982
Received a frame: 70 at 1722501124.931274
Received a frame: 71 at 1722501124.983834
Received a frame: 72 at 1722501125.035529
Received a frame: 73 at 1722501125.084759
Received a frame: 74 at 1722501125.133486
Received a frame: 75 at 1722501125.185036
Received a frame: 76 at 1722501125.237045
Received a frame: 77 at 1722501125.288826
Received a frame: 78 at 1722501125.336842
Received a frame: 79 at 1722501125.370622
Received a frame: 80 at 1722501125.400429
Received a frame: 81 at 1722501125.444301
Received a frame: 82 at 1722501125.494566
Received a frame: 83 at 1722501125.540477
Received a frame: 84 at 1722501125.588013
Received a frame: 85 at 1722501125.634486
Received a frame: 86 at 1722501125.685296
Received a frame: 87 at 1722501125.721211
Received a frame: 88 at 1722501125.751682
Received a frame: 89 at 1722501125.791843
Received a frame: 90 at 1722501125.828301
Received a frame: 91 at 1722501125.878629
Received a frame: 92 at 1722501125.924259
Received a frame: 93 at 1722501125.981505
Received a frame: 94 at 1722501126.037688
Received a frame: 95 at 1722501126.104196
Received a frame: 96 at 1722501126.154184
Received a frame: 97 at 1722501126.238062
Received a frame: 98 at 1722501126.271107
Received a frame: 99 at 1722501126.305980
Received a frame: 100 at 1722501126.417990
Received a frame: 101 at 1722501126.435866
Received a frame: 102 at 1722501126.499021
Received a frame: 103 at 1722501126.534632
Received a frame: 104 at 1722501126.546722
Received a frame: 105 at 1722501126.578178
Received a frame: 106 at 1722501126.654643
Received a frame: 107 at 1722501126.697824
Received a frame: 108 at 1722501126.752355
Received a frame: 109 at 1722501126.820588
Received a frame: 110 at 1722501126.865118
Received a frame: 111 at 1722501126.923056
Received a frame: 112 at 1722501126.960049
Received a frame: 113 at 1722501127.012557
Received a frame: 114 at 1722501127.067137
Received a frame: 115 at 1722501127.101864
Received a frame: 116 at 1722501127.142469
Received a frame: 117 at 1722501127.201794
Received a frame: 118 at 1722501127.249583
Received a frame: 119 at 1722501127.341885
Received a frame: 120 at 1722501127.357278
Received a frame: 121 at 1722501127.392326
Received a frame: 122 at 1722501127.464694
Received a frame: 123 at 1722501127.613904
Received a frame: 124 at 1722501127.648387
Received a frame: 125 at 1722501127.657858
Received a frame: 126 at 1722501127.665251
Received a frame: 127 at 1722501127.675714
Received a frame: 128 at 1722501127.735852
Received a frame: 129 at 1722501127.772683
Received a frame: 130 at 1722501127.852854
Received a frame: 131 at 1722501127.901097
Received a frame: 132 at 1722501127.931533
Received a frame: 133 at 1722501127.959795
Received a frame: 134 at 1722501128.047283
Received a frame: 135 at 1722501128.065671
Received a frame: 136 at 1722501128.081912
Received a frame: 137 at 1722501128.156882
Received a frame: 138 at 1722501128.202168
Received a frame: 139 at 1722501128.262684
Received a frame: 140 at 1722501128.344961
Received a frame: 141 at 1722501128.362197
Received a frame: 142 at 1722501128.404592
Received a frame: 143 at 1722501128.487115
Received a frame: 144 at 1722501128.535851
Received a frame: 145 at 1722501128.631318
Received a frame: 146 at 1722501128.649589
Received a frame: 147 at 1722501128.660072
Received a frame: 148 at 1722501128.707735
Received a frame: 149 at 1722501128.868255
Received a frame: 150 at 1722501128.883734
Received a frame: 151 at 1722501128.893663
Received a frame: 152 at 1722501129.063384
Received a frame: 153 at 1722501129.134321
Received a frame: 154 at 1722501129.153100
Received a frame: 155 at 1722501129.162337
Received a frame: 156 at 1722501129.280931
Received a frame: 157 at 1722501129.291120
Received a frame: 158 at 1722501129.367767
Received a frame: 159 at 1722501129.401255
Received a frame: 160 at 1722501129.409117
Received a frame: 161 at 1722501129.415163
Received a frame: 162 at 1722501129.467534
Received a frame: 163 at 1722501129.475425
Received a frame: 164 at 1722501129.535862
Received a frame: 165 at 1722501129.552620
Received a frame: 166 at 1722501129.580222
Received a frame: 167 at 1722501129.604860
Received a frame: 168 at 1722501129.686296
Received a frame: 169 at 1722501129.723480
Received a frame: 170 at 1722501129.789435
Received a frame: 171 at 1722501129.819687
Received a frame: 172 at 1722501129.879271
Received a frame: 173 at 1722501129.913103
Received a frame: 174 at 1722501129.965612
Received a frame: 175 at 1722501130.010683
Received a frame: 176 at 1722501130.111023
Received a frame: 177 at 1722501130.128557
Received a frame: 178 at 1722501130.265974
Received a frame: 179 at 1722501130.283779
Received a frame: 180 at 1722501130.292762
Received a frame: 181 at 1722501130.304614
Received a frame: 182 at 1722501130.368547
Received a frame: 183 at 1722501130.416265
Received a frame: 184 at 1722501130.489013
Received a frame: 185 at 1722501130.560726
Received a frame: 186 at 1722501130.602522
Received a frame: 187 at 1722501130.617621
Received a frame: 188 at 1722501130.675738
Received a frame: 189 at 1722501130.715935
Received a frame: 190 at 1722501130.729039
Received a frame: 191 at 1722501130.745485
Received a frame: 192 at 1722501130.838952
Received a frame: 193 at 1722501130.856568
Received a frame: 194 at 1722501130.889462
Received a frame: 195 at 1722501130.950275
Received a frame: 196 at 1722501131.050885
Received a frame: 197 at 1722501131.067152
Received a frame: 198 at 1722501131.125179
Received a frame: 199 at 1722501131.153845
Received a frame: 200 at 1722501131.288310
Received a frame: 201 at 1722501131.306176
Received a frame: 202 at 1722501131.352336
Received a frame: 203 at 1722501131.376832
Received a frame: 204 at 1722501131.447878
Received a frame: 205 at 1722501131.484497
Received a frame: 206 at 1722501131.541596
Received a frame: 207 at 1722501131.622334
Received a frame: 208 at 1722501131.708160
Received a frame: 209 at 1722501131.723969
Received a frame: 210 at 1722501131.757726
Received a frame: 211 at 1722501131.781378
Received a frame: 212 at 1722501131.865613
Received a frame: 213 at 1722501131.897598
Received a frame: 214 at 1722501132.000543
Received a frame: 215 at 1722501132.017825
Received a frame: 216 at 1722501132.072010
Received a frame: 217 at 1722501132.109794
Received a frame: 218 at 1722501132.163809
Received a frame: 219 at 1722501132.230379
Received a frame: 220 at 1722501132.267147
Received a frame: 221 at 1722501132.310685
Received a frame: 222 at 1722501132.428595
Received a frame: 223 at 1722501132.446728
Received a frame: 224 at 1722501132.474710
Received a frame: 225 at 1722501132.721325
Received a frame: 226 at 1722501132.737467
Received a frame: 227 at 1722501132.747242
Received a frame: 228 at 1722501132.754473
Received a frame: 229 at 1722501132.760350
Received a frame: 230 at 1722501132.764676
Received a frame: 231 at 1722501133.248021
Received a frame: 232 at 1722501133.258716
Received a frame: 233 at 1722501133.263152
Received a frame: 234 at 1722501133.268247
Received a frame: 235 at 1722501133.273393
Received a frame: 236 at 1722501133.383317
Received a frame: 237 at 1722501133.401732
Received a frame: 238 at 1722501133.410162
Received a frame: 239 at 1722501133.415741
Received a frame: 240 at 1722501133.421396
Received a frame: 241 at 1722501133.426960
Received a frame: 242 at 1722501133.432026
Received a frame: 243 at 1722501133.493182
Received a frame: 244 at 1722501133.501708
Received a frame: 245 at 1722501133.510090
Received a frame: 246 at 1722501133.664541
Received a frame: 247 at 1722501133.931764
Received a frame: 248 at 1722501133.937159
Received a frame: 249 at 1722501133.942388
Received a frame: 250 at 1722501133.947573
Received a frame: 251 at 1722501133.952628
Received a frame: 252 at 1722501133.959021
Received a frame: 253 at 1722501133.964140
Received a frame: 254 at 1722501134.010847
Received a frame: 255 at 1722501134.168344
Received a frame: 256 at 1722501134.475189
Received a frame: 257 at 1722501134.628425
Received a frame: 258 at 1722501134.633453
Received a frame: 259 at 1722501134.638186
Received a frame: 260 at 1722501134.643919
Received a frame: 261 at 1722501134.649052
Received a frame: 262 at 1722501134.810167
Received a frame: 263 at 1722501134.828339
Received a frame: 264 at 1722501134.838630
Received a frame: 265 at 1722501134.845538
Received a frame: 266 at 1722501134.849963
Received a frame: 267 at 1722501134.855871
Received a frame: 268 at 1722501134.860981
Received a frame: 269 at 1722501134.865959
Received a frame: 270 at 1722501134.871018
Received a frame: 271 at 1722501134.875610
Received a frame: 272 at 1722501134.880360
Received a frame: 273 at 1722501134.885328
Received a frame: 274 at 1722501134.949543
Received a frame: 275 at 1722501135.012994
Received a frame: 276 at 1722501135.047807
Received a frame: 277 at 1722501135.144307
Received a frame: 278 at 1722501135.162722
Received a frame: 279 at 1722501135.182420
Received a frame: 280 at 1722501135.276445
Received a frame: 281 at 1722501135.312707
Received a frame: 282 at 1722501135.342682
Received a frame: 283 at 1722501135.404289
Received a frame: 284 at 1722501135.474083
Received a frame: 285 at 1722501135.560610
Received a frame: 286 at 1722501135.597009
Received a frame: 287 at 1722501135.743579
Received a frame: 288 at 1722501135.758837
Received a frame: 289 at 1722501135.777053
Received a frame: 290 at 1722501135.783103
Received a frame: 291 at 1722501135.818678
Received a frame: 292 at 1722501135.886553
Received a frame: 293 at 1722501135.919414
Received a frame: 294 at 1722501136.018362
Received a frame: 295 at 1722501136.035607
Received a frame: 296 at 1722501136.058654
Received a frame: 297 at 1722501136.204830
Received a frame: 298 at 1722501136.225011
Received a frame: 299 at 1722501136.233182
Received a frame: 300 at 1722501136.281683
Received a frame: 301 at 1722501136.326920
Received a frame: 302 at 1722501136.491912
Received a frame: 303 at 1722501136.509952
Received a frame: 304 at 1722501136.520396
Received a frame: 305 at 1722501136.615311
Received a frame: 306 at 1722501136.693693
Received a frame: 307 at 1722501136.714501
Received a frame: 308 at 1722501136.728412
Received a frame: 309 at 1722501136.739642
Received a frame: 310 at 1722501136.799000
Received a frame: 311 at 1722501136.852356
Received a frame: 312 at 1722501136.909838
Received a frame: 313 at 1722501136.978972
Received a frame: 314 at 1722501137.083021
Received a frame: 315 at 1722501137.102515
Received a frame: 316 at 1722501137.122020
Received a frame: 317 at 1722501137.162768
Received a frame: 318 at 1722501137.215036
Received a frame: 319 at 1722501137.273998
Received a frame: 320 at 1722501137.356547
Received a frame: 321 at 1722501137.401011
Received a frame: 322 at 1722501137.430937
Received a frame: 323 at 1722501137.492231
Received a frame: 324 at 1722501137.523620
Received a frame: 325 at 1722501137.604574
Received a frame: 326 at 1722501137.633310
Received a frame: 327 at 1722501137.707096
Received a frame: 328 at 1722501137.723822
Received a frame: 329 at 1722501137.749221
Received a frame: 330 at 1722501137.807288
Received a frame: 331 at 1722501137.876711
Received a frame: 332 at 1722501137.889662
Received a frame: 333 at 1722501137.944660
Received a frame: 334 at 1722501137.971609
Received a frame: 335 at 1722501138.041023
Received a frame: 336 at 1722501138.055612
Received a frame: 337 at 1722501138.140172
Received a frame: 338 at 1722501138.207188
Received a frame: 339 at 1722501138.224236
Received a frame: 340 at 1722501138.344984
Received a frame: 341 at 1722501138.377800
Received a frame: 342 at 1722501138.390429
Received a frame: 343 at 1722501138.461971
Received a frame: 344 at 1722501138.492685
Received a frame: 345 at 1722501138.546432
Received a frame: 346 at 1722501138.588290
Received a frame: 347 at 1722501138.659346
Received a frame: 348 at 1722501138.676079
Received a frame: 349 at 1722501138.704916
Received a frame: 350 at 1722501138.787960
Received a frame: 351 at 1722501138.820223
Received a frame: 352 at 1722501138.864061
Received a frame: 353 at 1722501138.915331
Received a frame: 354 at 1722501138.968807
Received a frame: 355 at 1722501139.001925
Received a frame: 356 at 1722501139.138617
Received a frame: 357 at 1722501139.169610
Received a frame: 358 at 1722501139.182600
Received a frame: 359 at 1722501139.202265
Received a frame: 360 at 1722501139.293798
Received a frame: 361 at 1722501139.323941
Received a frame: 362 at 1722501139.436355
Received a frame: 363 at 1722501139.512908
Received a frame: 364 at 1722501139.531472
Received a frame: 365 at 1722501139.540306
Received a frame: 366 at 1722501139.546807
Received a frame: 367 at 1722501139.615719
Received a frame: 368 at 1722501139.656210
Received a frame: 369 at 1722501139.756317
Received a frame: 370 at 1722501139.771827
Received a frame: 371 at 1722501139.811372
Received a frame: 372 at 1722501139.872015
Received a frame: 373 at 1722501139.974663
Received a frame: 374 at 1722501139.990434
Received a frame: 375 at 1722501140.016245
Received a frame: 376 at 1722501140.114378
Received a frame: 377 at 1722501140.162585
Received a frame: 378 at 1722501140.179325
Received a frame: 379 at 1722501140.186680
Received a frame: 380 at 1722501140.266258
Received a frame: 381 at 1722501140.284501
Received a frame: 382 at 1722501140.312090
Received a frame: 383 at 1722501140.333261
Received a frame: 384 at 1722501140.387978
Received a frame: 385 at 1722501140.464911
Received a frame: 386 at 1722501140.540416
Received a frame: 387 at 1722501140.622499
Received a frame: 388 at 1722501140.638643
Received a frame: 389 at 1722501140.646401
Received a frame: 390 at 1722501140.703434
Received a frame: 391 at 1722501140.818690
Received a frame: 392 at 1722501140.833666
Received a frame: 393 at 1722501140.843946
Received a frame: 394 at 1722501140.856433
Received a frame: 395 at 1722501140.893501
Received a frame: 396 at 1722501140.952537
Received a frame: 397 at 1722501140.989166
Received a frame: 398 at 1722501141.038510
Received a frame: 399 at 1722501141.210752
Received a frame: 400 at 1722501141.217531
Video track ended
